<?xml version="1.0" encoding="UTF-8"?>
<testsuite xmlns:xsi="http://www.w3.org/2001/XMLSchema-instance" xsi:noNamespaceSchemaLocation="https://maven.apache.org/surefire/maven-surefire-plugin/xsd/surefire-test-report.xsd" version="3.0.2" name="DistanceImageBinarizerTest" time="0.025" tests="8" errors="0" skipped="0" failures="0">
  <properties>
[...]
</properties>
  <testcase name="testToBinaryArrayNullThrowsException" classname="DistanceImageBinarizerTest" time="0.001"/>
  <testcase name="testUsesFakeBinarizer" classname="DistanceImageBinarizerTest" time="0.001"/>
  <testcase name="testToBufferedImageWidthAndHeight" classname="DistanceImageBinarizerTest" time="0.019"/>
  <testcase name="testToBufferedImageConvertsOnesToWhiteAndZerosToBlack" classname="DistanceImageBinarizerTest" time="0.001"/>
  <testcase name="testToBufferedImageNullThrowsException" classname="DistanceImageBinarizerTest" time="0.0"/>
  <testcase name="testToBinaryArrayMultiplePixels" classname="DistanceImageBinarizerTest" time="0.0"/>
  <testcase name="testToBinaryArrayDifferentFromTargetBecomesBlack" classname="DistanceImageBinarizerTest" time="0.0"/>
  <testcase name="testToBinaryArraySameAsTargetBecomesWhite" classname="DistanceImageBinarizerTest" time="0.0"/>
</testsuite>