<?xml version="1.0" encoding="UTF-8"?>
<testsuite xmlns:xsi="http://www.w3.org/2001/XMLSchema-instance" xsi:noNamespaceSchemaLocation="https://maven.apache.org/surefire/maven-surefire-plugin/xsd/surefire-test-report.xsd" version="3.0.2" name="BinarizingImageGroupFinderTest" time="0.011" tests="4" errors="0" skipped="0" failures="0">
  <properties>
[...]
</properties>
  <testcase name="testFindConnectedGroupsNullImageThrowsException" classname="BinarizingImageGroupFinderTest" time="0.002"/>
  <testcase name="testFindConnectedGroupsReturnsGroupsFromBinaryGroupFinder" classname="BinarizingImageGroupFinderTest" time="0.001"/>
  <testcase name="testFindConnectedGroupsWithRealClasses" classname="BinarizingImageGroupFinderTest" time="0.001"/>
  <testcase name="testFakeBinarizerCreatesBinaryArrayUsedByGroupFinder" classname="BinarizingImageGroupFinderTest" time="0.003"/>
</testsuite>